[2023-12-12 17:32:05,174: INFO: main: --------------------]
[2023-12-12 17:32:05,175: INFO: main: STARTED GAME ENGINE!]
[2023-12-12 17:32:05,378: INFO: main: READ WAD FILE SUCCESSFULLY!]
[2023-12-12 17:32:05,379: INFO: main: RUNNING GAME...]
[2023-12-12 17:35:12,363: INFO: main: --------------------]
[2023-12-12 17:35:12,364: INFO: main: STARTED GAME ENGINE!]
[2023-12-12 17:35:12,421: INFO: main: READ WAD FILE SUCCESSFULLY!]
[2023-12-12 17:35:12,421: INFO: main: RUNNING GAME...]
[2023-12-12 17:35:16,864: INFO: main: EXITING...]
[2023-12-12 17:35:16,880: INFO: main: QUIT!]
[2023-12-12 17:35:16,883: INFO: main: --------------------]
[2023-12-12 17:35:39,061: INFO: main: --------------------]
[2023-12-12 17:35:39,061: INFO: main: STARTED GAME ENGINE!]
[2023-12-12 17:35:39,114: INFO: main: READ WAD FILE SUCCESSFULLY!]
[2023-12-12 17:35:39,115: INFO: main: RUNNING GAME...]
[2023-12-12 17:35:42,766: INFO: main: EXITING...]
[2023-12-12 17:35:42,785: INFO: main: QUIT!]
[2023-12-12 17:35:42,786: INFO: main: --------------------]
[2023-12-12 17:47:54,972: INFO: main: --------------------]
[2023-12-12 17:47:54,972: INFO: main: STARTED GAME ENGINE!]
[2023-12-12 17:47:55,037: INFO: main: READ WAD FILE SUCCESSFULLY!]
[2023-12-12 17:47:55,037: INFO: main: RUNNING GAME...]
[2023-12-12 17:47:59,669: INFO: main: EXITING...]
[2023-12-12 17:47:59,693: INFO: main: QUIT!]
[2023-12-12 17:47:59,693: INFO: main: --------------------]
[2023-12-12 17:55:35,730: INFO: main: --------------------]
[2023-12-12 17:55:35,730: INFO: main: STARTED GAME ENGINE!]
[2023-12-12 17:55:35,786: INFO: main: READ WAD FILE SUCCESSFULLY!]
[2023-12-12 17:55:35,789: INFO: main: RUNNING GAME...]
[2023-12-12 17:55:40,479: INFO: main: EXITING...]
[2023-12-12 17:55:40,496: INFO: main: QUIT!]
[2023-12-12 17:55:40,497: INFO: main: --------------------]
[2023-12-12 17:56:32,470: INFO: main: --------------------]
[2023-12-12 17:56:32,470: INFO: main: STARTED GAME ENGINE!]
[2023-12-12 17:56:32,518: INFO: main: READ WAD FILE SUCCESSFULLY!]
[2023-12-12 17:56:32,519: INFO: main: RUNNING GAME...]
[2023-12-12 17:56:36,059: INFO: main: EXITING...]
[2023-12-12 17:56:36,075: INFO: main: QUIT!]
[2023-12-12 17:56:36,075: INFO: main: --------------------]
[2023-12-12 17:57:01,456: INFO: main: --------------------]
[2023-12-12 17:57:01,456: INFO: main: STARTED GAME ENGINE!]
[2023-12-12 17:57:01,512: INFO: main: READ WAD FILE SUCCESSFULLY!]
[2023-12-12 17:57:01,512: INFO: main: RUNNING GAME...]
[2023-12-12 17:57:02,907: INFO: main: EXITING...]
[2023-12-12 17:57:02,922: INFO: main: QUIT!]
[2023-12-12 17:57:02,924: INFO: main: --------------------]
[2023-12-12 17:57:07,985: INFO: main: --------------------]
[2023-12-12 17:57:07,987: INFO: main: STARTED GAME ENGINE!]
[2023-12-12 17:57:08,048: INFO: main: READ WAD FILE SUCCESSFULLY!]
[2023-12-12 17:57:08,048: INFO: main: RUNNING GAME...]
[2023-12-12 17:57:12,349: INFO: main: EXITING...]
[2023-12-12 17:57:12,366: INFO: main: QUIT!]
[2023-12-12 17:57:12,366: INFO: main: --------------------]
[2023-12-12 17:57:24,572: INFO: main: --------------------]
[2023-12-12 17:57:24,573: INFO: main: STARTED GAME ENGINE!]
[2023-12-12 17:57:24,626: INFO: main: READ WAD FILE SUCCESSFULLY!]
[2023-12-12 17:57:24,627: INFO: main: RUNNING GAME...]
[2023-12-12 17:57:26,949: INFO: main: EXITING...]
[2023-12-12 17:57:26,964: INFO: main: QUIT!]
[2023-12-12 17:57:26,964: INFO: main: --------------------]
[2023-12-12 18:07:13,279: INFO: main: --------------------]
[2023-12-12 18:07:13,279: INFO: main: STARTED GAME ENGINE!]
[2023-12-12 18:07:13,335: INFO: main: READ WAD FILE SUCCESSFULLY!]
[2023-12-12 18:07:13,338: INFO: main: RUNNING GAME...]
[2023-12-12 18:07:27,113: INFO: main: EXITING...]
[2023-12-12 18:07:27,133: INFO: main: QUIT!]
[2023-12-12 18:07:27,134: INFO: main: --------------------]
[2023-12-12 18:10:46,306: INFO: main: --------------------]
[2023-12-12 18:10:46,307: INFO: main: STARTED GAME ENGINE!]
[2023-12-12 18:10:46,364: INFO: main: READ WAD FILE SUCCESSFULLY!]
[2023-12-12 18:10:46,364: INFO: main: RUNNING GAME...]
[2023-12-12 18:11:20,583: INFO: main: EXITING...]
[2023-12-12 18:11:20,594: INFO: main: QUIT!]
[2023-12-12 18:11:20,594: INFO: main: --------------------]
[2023-12-12 18:11:25,614: INFO: main: --------------------]
[2023-12-12 18:11:25,615: INFO: main: STARTED GAME ENGINE!]
[2023-12-12 18:11:25,670: INFO: main: READ WAD FILE SUCCESSFULLY!]
[2023-12-12 18:11:25,671: INFO: main: RUNNING GAME...]
[2023-12-12 18:11:57,029: INFO: main: EXITING...]
[2023-12-12 18:11:57,044: INFO: main: QUIT!]
[2023-12-12 18:11:57,045: INFO: main: --------------------]
